0 info it worked if it ends with ok
1 verbose cli [ '/usr/bin/node', '/usr/bin/npm', 'i', 'jwt@0.2.0', '--save' ]
2 info using npm@3.5.2
3 info using node@v8.10.0
4 silly loadCurrentTree Starting
5 silly install loadCurrentTree
6 silly install readLocalPackageData
7 silly fetchPackageMetaData jwt@0.2.0
8 silly fetchNamedPackageData jwt
9 silly mapToRegistry name jwt
10 silly mapToRegistry using default registry
11 silly mapToRegistry registry https://registry.npmjs.org/
12 silly mapToRegistry uri https://registry.npmjs.org/jwt
13 verbose request uri https://registry.npmjs.org/jwt
14 verbose request no auth needed
15 info attempt registry request try #1 at 16:31:43
16 verbose request id 07f1268b0c0670ff
17 http request GET https://registry.npmjs.org/jwt
18 http 200 https://registry.npmjs.org/jwt
19 verbose headers { date: 'Fri, 26 Apr 2019 11:01:44 GMT',
19 verbose headers   'content-type': 'application/json; charset=UTF-8',
19 verbose headers   'transfer-encoding': 'chunked',
19 verbose headers   connection: 'keep-alive',
19 verbose headers   'set-cookie':
19 verbose headers    [ '__cfduid=daa0060d0800a115fa0e24c76fff0328c1556276503; expires=Sat, 25-Apr-20 11:01:43 GMT; path=/; domain=.registry.npmjs.org; HttpOnly' ],
19 verbose headers   'cf-cache-status': 'MISS',
19 verbose headers   'cache-control': 'max-age=300',
19 verbose headers   'cf-ray': '4cd80f750e0cbc3e-LHR',
19 verbose headers   etag: 'W/"dae0af83830430fd0ff00dc8b50fec3a"',
19 verbose headers   'expect-ct': 'max-age=604800, report-uri="https://report-uri.cloudflare.com/cdn-cgi/beacon/expect-ct"',
19 verbose headers   'last-modified': 'Fri, 03 Aug 2018 00:39:31 GMT',
19 verbose headers   vary: 'accept-encoding, accept',
19 verbose headers   server: 'cloudflare',
19 verbose headers   'content-encoding': 'gzip' }
20 silly get cb [ 200,
20 silly get   { date: 'Fri, 26 Apr 2019 11:01:44 GMT',
20 silly get     'content-type': 'application/json; charset=UTF-8',
20 silly get     'transfer-encoding': 'chunked',
20 silly get     connection: 'keep-alive',
20 silly get     'set-cookie':
20 silly get      [ '__cfduid=daa0060d0800a115fa0e24c76fff0328c1556276503; expires=Sat, 25-Apr-20 11:01:43 GMT; path=/; domain=.registry.npmjs.org; HttpOnly' ],
20 silly get     'cf-cache-status': 'MISS',
20 silly get     'cache-control': 'max-age=300',
20 silly get     'cf-ray': '4cd80f750e0cbc3e-LHR',
20 silly get     etag: 'W/"dae0af83830430fd0ff00dc8b50fec3a"',
20 silly get     'expect-ct': 'max-age=604800, report-uri="https://report-uri.cloudflare.com/cdn-cgi/beacon/expect-ct"',
20 silly get     'last-modified': 'Fri, 03 Aug 2018 00:39:31 GMT',
20 silly get     vary: 'accept-encoding, accept',
20 silly get     server: 'cloudflare',
20 silly get     'content-encoding': 'gzip' } ]
21 verbose get saving jwt to /home/developer/.npm/registry.npmjs.org/jwt/.cache.json
22 silly install normalizeTree
23 silly loadCurrentTree Finishing
24 silly loadIdealTree Starting
25 silly install loadIdealTree
26 silly cloneCurrentTree Starting
27 silly install cloneCurrentTreeToIdealTree
28 silly cloneCurrentTree Finishing
29 silly loadShrinkwrap Starting
30 silly install loadShrinkwrap
31 silly loadShrinkwrap Finishing
32 silly loadAllDepsIntoIdealTree Starting
33 silly install loadAllDepsIntoIdealTree
34 silly resolveWithNewModule jwt@0.2.0 checking installable status
35 silly cache add args [ 'jwt@0.2.0', null ]
36 verbose cache add spec jwt@0.2.0
37 silly cache add parsed spec Result {
37 silly cache add   raw: 'jwt@0.2.0',
37 silly cache add   scope: null,
37 silly cache add   name: 'jwt',
37 silly cache add   rawSpec: '0.2.0',
37 silly cache add   spec: '0.2.0',
37 silly cache add   type: 'version' }
38 silly addNamed jwt@0.2.0
39 verbose addNamed "0.2.0" is a plain semver version for jwt
40 silly mapToRegistry name jwt
41 silly mapToRegistry using default registry
42 silly mapToRegistry registry https://registry.npmjs.org/
43 silly mapToRegistry uri https://registry.npmjs.org/jwt
44 verbose addNameVersion registry:https://registry.npmjs.org/jwt not in flight; fetching
45 verbose get https://registry.npmjs.org/jwt not expired, no request
46 silly mapToRegistry name jwt
47 silly mapToRegistry using default registry
48 silly mapToRegistry registry https://registry.npmjs.org/
49 silly mapToRegistry uri https://registry.npmjs.org/jwt
50 verbose addRemoteTarball https://registry.npmjs.org/jwt/-/jwt-0.2.0.tgz not in flight; adding
51 verbose addRemoteTarball [ 'https://registry.npmjs.org/jwt/-/jwt-0.2.0.tgz',
51 verbose addRemoteTarball   '4c9ad46bc84bfeaf91556ecce7c57aa578cbc8b8' ]
52 info retry fetch attempt 1 at 16:31:44
53 info attempt registry request try #1 at 16:31:44
54 http fetch GET https://registry.npmjs.org/jwt/-/jwt-0.2.0.tgz
55 http fetch 200 https://registry.npmjs.org/jwt/-/jwt-0.2.0.tgz
56 silly fetchAndShaCheck shasum 4c9ad46bc84bfeaf91556ecce7c57aa578cbc8b8
57 verbose addTmpTarball /tmp/npm-32754-02bf0d98/registry.npmjs.org/jwt/-/jwt-0.2.0.tgz not in flight; adding
58 verbose addTmpTarball already have metadata; skipping unpack for jwt@0.2.0
59 silly cache afterAdd jwt@0.2.0
60 verbose afterAdd /home/developer/.npm/jwt/0.2.0/package/package.json not in flight; writing
61 verbose afterAdd /home/developer/.npm/jwt/0.2.0/package/package.json written
62 silly fetchNamedPackageData node-base64
63 silly mapToRegistry name node-base64
64 silly mapToRegistry using default registry
65 silly mapToRegistry registry https://registry.npmjs.org/
66 silly mapToRegistry uri https://registry.npmjs.org/node-base64
67 verbose request uri https://registry.npmjs.org/node-base64
68 verbose request no auth needed
69 info attempt registry request try #1 at 16:31:45
70 http request GET https://registry.npmjs.org/node-base64
71 http 200 https://registry.npmjs.org/node-base64
72 verbose headers { date: 'Fri, 26 Apr 2019 11:01:45 GMT',
72 verbose headers   'content-type': 'application/json; charset=UTF-8',
72 verbose headers   'transfer-encoding': 'chunked',
72 verbose headers   connection: 'keep-alive',
72 verbose headers   'set-cookie':
72 verbose headers    [ '__cfduid=d26ac20e3fb2ced836818bb34f03de7d71556276505; expires=Sat, 25-Apr-20 11:01:45 GMT; path=/; domain=.registry.npmjs.org; HttpOnly' ],
72 verbose headers   'cf-cache-status': 'MISS',
72 verbose headers   'cache-control': 'max-age=300',
72 verbose headers   'cf-ray': '4cd80f7dfb25bc3e-LHR',
72 verbose headers   etag: 'W/"1af9fff642dd94d29b4022da439ab10c"',
72 verbose headers   'expect-ct': 'max-age=604800, report-uri="https://report-uri.cloudflare.com/cdn-cgi/beacon/expect-ct"',
72 verbose headers   'last-modified': 'Sun, 27 May 2018 09:54:54 GMT',
72 verbose headers   vary: 'accept-encoding, accept',
72 verbose headers   server: 'cloudflare',
72 verbose headers   'content-encoding': 'gzip' }
73 silly get cb [ 200,
73 silly get   { date: 'Fri, 26 Apr 2019 11:01:45 GMT',
73 silly get     'content-type': 'application/json; charset=UTF-8',
73 silly get     'transfer-encoding': 'chunked',
73 silly get     connection: 'keep-alive',
73 silly get     'set-cookie':
73 silly get      [ '__cfduid=d26ac20e3fb2ced836818bb34f03de7d71556276505; expires=Sat, 25-Apr-20 11:01:45 GMT; path=/; domain=.registry.npmjs.org; HttpOnly' ],
73 silly get     'cf-cache-status': 'MISS',
73 silly get     'cache-control': 'max-age=300',
73 silly get     'cf-ray': '4cd80f7dfb25bc3e-LHR',
73 silly get     etag: 'W/"1af9fff642dd94d29b4022da439ab10c"',
73 silly get     'expect-ct': 'max-age=604800, report-uri="https://report-uri.cloudflare.com/cdn-cgi/beacon/expect-ct"',
73 silly get     'last-modified': 'Sun, 27 May 2018 09:54:54 GMT',
73 silly get     vary: 'accept-encoding, accept',
73 silly get     server: 'cloudflare',
73 silly get     'content-encoding': 'gzip' } ]
74 verbose get saving node-base64 to /home/developer/.npm/registry.npmjs.org/node-base64/.cache.json
75 silly resolveWithNewModule node-base64@0.0.1 checking installable status
76 silly cache add args [ 'node-base64@0.0.1', null ]
77 verbose cache add spec node-base64@0.0.1
78 silly cache add parsed spec Result {
78 silly cache add   raw: 'node-base64@0.0.1',
78 silly cache add   scope: null,
78 silly cache add   name: 'node-base64',
78 silly cache add   rawSpec: '0.0.1',
78 silly cache add   spec: '0.0.1',
78 silly cache add   type: 'version' }
79 silly addNamed node-base64@0.0.1
80 verbose addNamed "0.0.1" is a plain semver version for node-base64
81 silly mapToRegistry name node-base64
82 silly mapToRegistry using default registry
83 silly mapToRegistry registry https://registry.npmjs.org/
84 silly mapToRegistry uri https://registry.npmjs.org/node-base64
85 verbose addNameVersion registry:https://registry.npmjs.org/node-base64 not in flight; fetching
86 verbose get https://registry.npmjs.org/node-base64 not expired, no request
87 silly mapToRegistry name node-base64
88 silly mapToRegistry using default registry
89 silly mapToRegistry registry https://registry.npmjs.org/
90 silly mapToRegistry uri https://registry.npmjs.org/node-base64
91 verbose addRemoteTarball https://registry.npmjs.org/node-base64/-/node-base64-0.0.1.tgz not in flight; adding
92 verbose addRemoteTarball [ 'https://registry.npmjs.org/node-base64/-/node-base64-0.0.1.tgz',
92 verbose addRemoteTarball   'ee3e095f97e9f4d72fb3dea98bcb2d25c8716b03' ]
93 info retry fetch attempt 1 at 16:31:45
94 info attempt registry request try #1 at 16:31:45
95 http fetch GET https://registry.npmjs.org/node-base64/-/node-base64-0.0.1.tgz
96 http fetch 200 https://registry.npmjs.org/node-base64/-/node-base64-0.0.1.tgz
97 silly fetchAndShaCheck shasum ee3e095f97e9f4d72fb3dea98bcb2d25c8716b03
98 verbose addTmpTarball /tmp/npm-32754-02bf0d98/registry.npmjs.org/node-base64/-/node-base64-0.0.1.tgz not in flight; adding
99 verbose addTmpTarball already have metadata; skipping unpack for node-base64@0.0.1
100 silly cache afterAdd node-base64@0.0.1
101 verbose afterAdd /home/developer/.npm/node-base64/0.0.1/package/package.json not in flight; writing
102 verbose afterAdd /home/developer/.npm/node-base64/0.0.1/package/package.json written
103 silly fetchNamedPackageData fsevents
104 silly mapToRegistry name fsevents
105 silly mapToRegistry using default registry
106 silly mapToRegistry registry https://registry.npmjs.org/
107 silly mapToRegistry uri https://registry.npmjs.org/fsevents
108 verbose request uri https://registry.npmjs.org/fsevents
109 verbose request no auth needed
110 info attempt registry request try #1 at 16:31:46
111 verbose etag W/"e28a0d860e5170131dac8af111a2e5c3"
112 verbose lastModified Tue, 16 Apr 2019 19:33:03 GMT
113 http request GET https://registry.npmjs.org/fsevents
114 http 304 https://registry.npmjs.org/fsevents
115 verbose headers { date: 'Fri, 26 Apr 2019 11:01:46 GMT',
115 verbose headers   connection: 'keep-alive',
115 verbose headers   'set-cookie':
115 verbose headers    [ '__cfduid=d97c6216d453d089a0173737a9df783421556276506; expires=Sat, 25-Apr-20 11:01:46 GMT; path=/; domain=.registry.npmjs.org; HttpOnly' ],
115 verbose headers   'cf-cache-status': 'HIT',
115 verbose headers   'cache-control': 'max-age=300',
115 verbose headers   'cf-ray': '4cd80f86bf98bc3e-LHR',
115 verbose headers   etag: '"e28a0d860e5170131dac8af111a2e5c3"',
115 verbose headers   'expect-ct': 'max-age=604800, report-uri="https://report-uri.cloudflare.com/cdn-cgi/beacon/expect-ct"',
115 verbose headers   'last-modified': 'Tue, 16 Apr 2019 19:33:03 GMT',
115 verbose headers   vary: 'accept-encoding, accept',
115 verbose headers   'x-amz-meta-rev': '155-0ec0cb9cd211757e572873847303dc1e',
115 verbose headers   server: 'cloudflare' }
116 silly get cb [ 304,
116 silly get   { date: 'Fri, 26 Apr 2019 11:01:46 GMT',
116 silly get     connection: 'keep-alive',
116 silly get     'set-cookie':
116 silly get      [ '__cfduid=d97c6216d453d089a0173737a9df783421556276506; expires=Sat, 25-Apr-20 11:01:46 GMT; path=/; domain=.registry.npmjs.org; HttpOnly' ],
116 silly get     'cf-cache-status': 'HIT',
116 silly get     'cache-control': 'max-age=300',
116 silly get     'cf-ray': '4cd80f86bf98bc3e-LHR',
116 silly get     etag: '"e28a0d860e5170131dac8af111a2e5c3"',
116 silly get     'expect-ct': 'max-age=604800, report-uri="https://report-uri.cloudflare.com/cdn-cgi/beacon/expect-ct"',
116 silly get     'last-modified': 'Tue, 16 Apr 2019 19:33:03 GMT',
116 silly get     vary: 'accept-encoding, accept',
116 silly get     'x-amz-meta-rev': '155-0ec0cb9cd211757e572873847303dc1e',
116 silly get     server: 'cloudflare' } ]
117 verbose etag https://registry.npmjs.org/fsevents from cache
118 verbose get saving fsevents to /home/developer/.npm/registry.npmjs.org/fsevents/.cache.json
119 silly resolveWithNewModule fsevents@1.2.8 checking installable status
120 silly loadAllDepsIntoIdealTree Finishing
121 silly idealTree:prePrune react-backend-server@0.0.0
121 silly idealTree:prePrune ├── abbrev@1.1.1
121 silly idealTree:prePrune ├── accepts@1.3.5
121 silly idealTree:prePrune ├── acorn-globals@1.0.9
121 silly idealTree:prePrune ├── acorn@2.7.0
121 silly idealTree:prePrune ├── align-text@0.1.4
121 silly idealTree:prePrune ├── amdefine@1.0.1
121 silly idealTree:prePrune ├── ansi-align@2.0.0
121 silly idealTree:prePrune ├── ansi-regex@3.0.0
121 silly idealTree:prePrune ├── ansi-styles@3.2.1
121 silly idealTree:prePrune ├─┬ anymatch@2.0.0
121 silly idealTree:prePrune │ └── normalize-path@2.1.1
121 silly idealTree:prePrune ├── append-field@1.0.0
121 silly idealTree:prePrune ├── aproba@1.2.0
121 silly idealTree:prePrune ├── are-we-there-yet@1.1.5
121 silly idealTree:prePrune ├── arr-diff@4.0.0
121 silly idealTree:prePrune ├── arr-flatten@1.1.0
121 silly idealTree:prePrune ├── arr-union@3.1.0
121 silly idealTree:prePrune ├── array-flatten@1.1.1
121 silly idealTree:prePrune ├── array-unique@0.3.2
121 silly idealTree:prePrune ├── asap@1.0.0
121 silly idealTree:prePrune ├── assign-symbols@1.0.0
121 silly idealTree:prePrune ├── async-each@1.0.3
121 silly idealTree:prePrune ├── async@2.6.1
121 silly idealTree:prePrune ├── atob@2.1.2
121 silly idealTree:prePrune ├── balanced-match@1.0.0
121 silly idealTree:prePrune ├─┬ base@0.11.2
121 silly idealTree:prePrune │ ├── define-property@1.0.0
121 silly idealTree:prePrune │ ├── is-accessor-descriptor@1.0.0
121 silly idealTree:prePrune │ ├── is-data-descriptor@1.0.0
121 silly idealTree:prePrune │ ├── is-descriptor@1.0.2
121 silly idealTree:prePrune │ └── kind-of@6.0.2
121 silly idealTree:prePrune ├── basic-auth@2.0.1
121 silly idealTree:prePrune ├── bcrypt@3.0.6
121 silly idealTree:prePrune ├── binary-extensions@1.13.1
121 silly idealTree:prePrune ├── bluebird@3.5.1
121 silly idealTree:prePrune ├── body-parser@1.18.3
121 silly idealTree:prePrune ├─┬ boxen@1.3.0
121 silly idealTree:prePrune │ └── camelcase@4.1.0
121 silly idealTree:prePrune ├── brace-expansion@1.1.11
121 silly idealTree:prePrune ├─┬ braces@2.3.2
121 silly idealTree:prePrune │ └── extend-shallow@2.0.1
121 silly idealTree:prePrune ├── bson@1.1.1
121 silly idealTree:prePrune ├── buffer-from@1.1.1
121 silly idealTree:prePrune ├─┬ busboy@0.2.14
121 silly idealTree:prePrune │ ├── isarray@0.0.1
121 silly idealTree:prePrune │ ├── readable-stream@1.1.14
121 silly idealTree:prePrune │ └── string_decoder@0.10.31
121 silly idealTree:prePrune ├── bytes@3.0.0
121 silly idealTree:prePrune ├── cache-base@1.0.1
121 silly idealTree:prePrune ├── camelcase@1.2.1
121 silly idealTree:prePrune ├── capture-stack-trace@1.0.1
121 silly idealTree:prePrune ├── center-align@0.1.3
121 silly idealTree:prePrune ├── chalk@2.4.2
121 silly idealTree:prePrune ├── character-parser@1.2.1
121 silly idealTree:prePrune ├── chokidar@2.1.5
121 silly idealTree:prePrune ├── chownr@1.1.1
121 silly idealTree:prePrune ├── ci-info@1.6.0
121 silly idealTree:prePrune ├─┬ class-utils@0.3.6
121 silly idealTree:prePrune │ └── define-property@0.2.5
121 silly idealTree:prePrune ├─┬ clean-css@3.4.28
121 silly idealTree:prePrune │ └── commander@2.8.1
121 silly idealTree:prePrune ├── cli-boxes@1.0.0
121 silly idealTree:prePrune ├─┬ cliui@2.1.0
121 silly idealTree:prePrune │ └── wordwrap@0.0.2
121 silly idealTree:prePrune ├── code-point-at@1.1.0
121 silly idealTree:prePrune ├── collection-visit@1.0.0
121 silly idealTree:prePrune ├── color-convert@1.9.3
121 silly idealTree:prePrune ├── color-name@1.1.3
121 silly idealTree:prePrune ├── commander@2.6.0
121 silly idealTree:prePrune ├── component-emitter@1.3.0
121 silly idealTree:prePrune ├── concat-map@0.0.1
121 silly idealTree:prePrune ├── concat-stream@1.6.2
121 silly idealTree:prePrune ├── configstore@3.1.2
121 silly idealTree:prePrune ├── console-control-strings@1.1.0
121 silly idealTree:prePrune ├── constantinople@3.0.2
121 silly idealTree:prePrune ├── content-disposition@0.5.2
121 silly idealTree:prePrune ├── content-type@1.0.4
121 silly idealTree:prePrune ├── cookie-parser@1.4.4
121 silly idealTree:prePrune ├── cookie-signature@1.0.6
121 silly idealTree:prePrune ├── cookie@0.3.1
121 silly idealTree:prePrune ├── copy-descriptor@0.1.1
121 silly idealTree:prePrune ├── core-util-is@1.0.2
121 silly idealTree:prePrune ├── create-error-class@3.0.2
121 silly idealTree:prePrune ├── cross-spawn@5.1.0
121 silly idealTree:prePrune ├── crypto-random-string@1.0.0
121 silly idealTree:prePrune ├── css-parse@1.0.4
121 silly idealTree:prePrune ├── css-stringify@1.0.5
121 silly idealTree:prePrune ├── css@1.0.8
121 silly idealTree:prePrune ├── debug@2.6.9
121 silly idealTree:prePrune ├── decamelize@1.2.0
121 silly idealTree:prePrune ├── decode-uri-component@0.2.0
121 silly idealTree:prePrune ├── deep-extend@0.6.0
121 silly idealTree:prePrune ├─┬ define-property@2.0.2
121 silly idealTree:prePrune │ ├── is-accessor-descriptor@1.0.0
121 silly idealTree:prePrune │ ├── is-data-descriptor@1.0.0
121 silly idealTree:prePrune │ ├── is-descriptor@1.0.2
121 silly idealTree:prePrune │ └── kind-of@6.0.2
121 silly idealTree:prePrune ├── delegates@1.0.0
121 silly idealTree:prePrune ├── depd@1.1.2
121 silly idealTree:prePrune ├── destroy@1.0.4
121 silly idealTree:prePrune ├── detect-libc@1.0.3
121 silly idealTree:prePrune ├─┬ dicer@0.2.5
121 silly idealTree:prePrune │ ├── isarray@0.0.1
121 silly idealTree:prePrune │ ├── readable-stream@1.1.14
121 silly idealTree:prePrune │ └── string_decoder@0.10.31
121 silly idealTree:prePrune ├── dot-prop@4.2.0
121 silly idealTree:prePrune ├── duplexer3@0.1.4
121 silly idealTree:prePrune ├── ee-first@1.1.1
121 silly idealTree:prePrune ├── encodeurl@1.0.2
121 silly idealTree:prePrune ├── escape-html@1.0.3
121 silly idealTree:prePrune ├── escape-string-regexp@1.0.5
121 silly idealTree:prePrune ├── etag@1.8.1
121 silly idealTree:prePrune ├── execa@0.7.0
121 silly idealTree:prePrune ├─┬ expand-brackets@2.1.4
121 silly idealTree:prePrune │ ├── define-property@0.2.5
121 silly idealTree:prePrune │ └── extend-shallow@2.0.1
121 silly idealTree:prePrune ├── express@4.16.4
121 silly idealTree:prePrune ├─┬ extend-shallow@3.0.2
121 silly idealTree:prePrune │ └── is-extendable@1.0.1
121 silly idealTree:prePrune ├─┬ extglob@2.0.4
121 silly idealTree:prePrune │ ├── define-property@1.0.0
121 silly idealTree:prePrune │ ├── extend-shallow@2.0.1
121 silly idealTree:prePrune │ ├── is-accessor-descriptor@1.0.0
121 silly idealTree:prePrune │ ├── is-data-descriptor@1.0.0
121 silly idealTree:prePrune │ ├── is-descriptor@1.0.2
121 silly idealTree:prePrune │ └── kind-of@6.0.2
121 silly idealTree:prePrune ├─┬ fill-range@4.0.0
121 silly idealTree:prePrune │ └── extend-shallow@2.0.1
121 silly idealTree:prePrune ├── finalhandler@1.1.1
121 silly idealTree:prePrune ├── for-in@1.0.2
121 silly idealTree:prePrune ├── forwarded@0.1.2
121 silly idealTree:prePrune ├── fragment-cache@0.2.1
121 silly idealTree:prePrune ├── fresh@0.5.2
121 silly idealTree:prePrune ├── fs-minipass@1.2.5
121 silly idealTree:prePrune ├── fs.realpath@1.0.0
121 silly idealTree:prePrune ├─┬ gauge@2.7.4
121 silly idealTree:prePrune │ ├── ansi-regex@2.1.1
121 silly idealTree:prePrune │ ├── is-fullwidth-code-point@1.0.0
121 silly idealTree:prePrune │ ├── string-width@1.0.2
121 silly idealTree:prePrune │ └── strip-ansi@3.0.1
121 silly idealTree:prePrune ├── get-stream@3.0.0
121 silly idealTree:prePrune ├── get-value@2.0.6
121 silly idealTree:prePrune ├─┬ glob-parent@3.1.0
121 silly idealTree:prePrune │ └── is-glob@3.1.0
121 silly idealTree:prePrune ├── glob@7.1.3
121 silly idealTree:prePrune ├── global-dirs@0.1.1
121 silly idealTree:prePrune ├── got@6.7.1
121 silly idealTree:prePrune ├── graceful-fs@4.1.15
121 silly idealTree:prePrune ├── graceful-readlink@1.0.1
121 silly idealTree:prePrune ├── has-flag@3.0.0
121 silly idealTree:prePrune ├── has-unicode@2.0.1
121 silly idealTree:prePrune ├── has-value@1.0.0
121 silly idealTree:prePrune ├─┬ has-values@1.0.0
121 silly idealTree:prePrune │ └── kind-of@4.0.0
121 silly idealTree:prePrune ├── http-errors@1.6.3
121 silly idealTree:prePrune ├── iconv-lite@0.4.23
121 silly idealTree:prePrune ├── ignore-by-default@1.0.1
121 silly idealTree:prePrune ├── ignore-walk@3.0.1
121 silly idealTree:prePrune ├── import-lazy@2.1.0
121 silly idealTree:prePrune ├── imurmurhash@0.1.4
121 silly idealTree:prePrune ├── inflight@1.0.6
121 silly idealTree:prePrune ├── inherits@2.0.3
121 silly idealTree:prePrune ├── ini@1.3.5
121 silly idealTree:prePrune ├── ipaddr.js@1.9.0
121 silly idealTree:prePrune ├── is-accessor-descriptor@0.1.6
121 silly idealTree:prePrune ├── is-binary-path@1.0.1
121 silly idealTree:prePrune ├── is-buffer@1.1.6
121 silly idealTree:prePrune ├── is-ci@1.2.1
121 silly idealTree:prePrune ├── is-data-descriptor@0.1.4
121 silly idealTree:prePrune ├─┬ is-descriptor@0.1.6
121 silly idealTree:prePrune │ └── kind-of@5.1.0
121 silly idealTree:prePrune ├── is-extendable@0.1.1
121 silly idealTree:prePrune ├── is-extglob@2.1.1
121 silly idealTree:prePrune ├── is-fullwidth-code-point@2.0.0
121 silly idealTree:prePrune ├── is-glob@4.0.1
121 silly idealTree:prePrune ├── is-installed-globally@0.1.0
121 silly idealTree:prePrune ├── is-npm@1.0.0
121 silly idealTree:prePrune ├── is-number@3.0.0
121 silly idealTree:prePrune ├── is-obj@1.0.1
121 silly idealTree:prePrune ├── is-path-inside@1.0.1
121 silly idealTree:prePrune ├── is-plain-object@2.0.4
121 silly idealTree:prePrune ├── is-promise@2.1.0
121 silly idealTree:prePrune ├── is-redirect@1.0.0
121 silly idealTree:prePrune ├── is-retry-allowed@1.1.0
121 silly idealTree:prePrune ├── is-stream@1.1.0
121 silly idealTree:prePrune ├── is-windows@1.0.2
121 silly idealTree:prePrune ├── isarray@1.0.0
121 silly idealTree:prePrune ├── isexe@2.0.0
121 silly idealTree:prePrune ├── isobject@3.0.1
121 silly idealTree:prePrune ├── jade@1.11.0
121 silly idealTree:prePrune ├── jstransformer@0.0.2
121 silly idealTree:prePrune ├── jwt@0.2.0
121 silly idealTree:prePrune ├── kareem@2.3.0
121 silly idealTree:prePrune ├── kind-of@3.2.2
121 silly idealTree:prePrune ├── latest-version@3.1.0
121 silly idealTree:prePrune ├── lazy-cache@1.0.4
121 silly idealTree:prePrune ├── lodash@4.17.11
121 silly idealTree:prePrune ├── longest@1.0.1
121 silly idealTree:prePrune ├── lowercase-keys@1.0.1
121 silly idealTree:prePrune ├── lru-cache@4.1.5
121 silly idealTree:prePrune ├── make-dir@1.3.0
121 silly idealTree:prePrune ├── map-cache@0.2.2
121 silly idealTree:prePrune ├── map-visit@1.0.0
121 silly idealTree:prePrune ├── media-typer@0.3.0
121 silly idealTree:prePrune ├── memory-pager@1.5.0
121 silly idealTree:prePrune ├── merge-descriptors@1.0.1
121 silly idealTree:prePrune ├── methods@1.1.2
121 silly idealTree:prePrune ├─┬ micromatch@3.1.10
121 silly idealTree:prePrune │ └── kind-of@6.0.2
121 silly idealTree:prePrune ├── mime-db@1.40.0
121 silly idealTree:prePrune ├── mime-types@2.1.24
121 silly idealTree:prePrune ├── mime@1.4.1
121 silly idealTree:prePrune ├── minimatch@3.0.4
121 silly idealTree:prePrune ├── minimist@0.0.8
121 silly idealTree:prePrune ├─┬ minipass@2.3.5
121 silly idealTree:prePrune │ └── yallist@3.0.3
121 silly idealTree:prePrune ├── minizlib@1.2.1
121 silly idealTree:prePrune ├─┬ mixin-deep@1.3.1
121 silly idealTree:prePrune │ └── is-extendable@1.0.1
121 silly idealTree:prePrune ├── mkdirp@0.5.1
121 silly idealTree:prePrune ├── mongodb-core@3.2.2
121 silly idealTree:prePrune ├── mongodb@3.2.2
121 silly idealTree:prePrune ├── mongoose-legacy-pluralize@1.0.2
121 silly idealTree:prePrune ├─┬ mongoose@5.5.4
121 silly idealTree:prePrune │ └── ms@2.1.1
121 silly idealTree:prePrune ├── morgan@1.9.1
121 silly idealTree:prePrune ├── mpath@0.5.2
121 silly idealTree:prePrune ├─┬ mquery@3.2.0
121 silly idealTree:prePrune │ └── debug@3.1.0
121 silly idealTree:prePrune ├── ms@2.0.0
121 silly idealTree:prePrune ├── multer@1.4.1
121 silly idealTree:prePrune ├── nan@2.13.2
121 silly idealTree:prePrune ├─┬ nanomatch@1.2.13
121 silly idealTree:prePrune │ └── kind-of@6.0.2
121 silly idealTree:prePrune ├─┬ needle@2.3.1
121 silly idealTree:prePrune │ ├── debug@4.1.1
121 silly idealTree:prePrune │ └── ms@2.1.1
121 silly idealTree:prePrune ├── negotiator@0.6.1
121 silly idealTree:prePrune ├── node-base64@0.0.1
121 silly idealTree:prePrune ├─┬ node-pre-gyp@0.12.0
121 silly idealTree:prePrune │ └── nopt@4.0.1
121 silly idealTree:prePrune ├─┬ nodemon@1.18.11
121 silly idealTree:prePrune │ ├── debug@3.2.6
121 silly idealTree:prePrune │ └── ms@2.1.1
121 silly idealTree:prePrune ├── nopt@1.0.10
121 silly idealTree:prePrune ├── normalize-path@3.0.0
121 silly idealTree:prePrune ├── npm-bundled@1.0.6
121 silly idealTree:prePrune ├── npm-packlist@1.4.1
121 silly idealTree:prePrune ├── npm-run-path@2.0.2
121 silly idealTree:prePrune ├── npmlog@4.1.2
121 silly idealTree:prePrune ├── number-is-nan@1.0.1
121 silly idealTree:prePrune ├── object-assign@4.1.1
121 silly idealTree:prePrune ├─┬ object-copy@0.1.0
121 silly idealTree:prePrune │ └── define-property@0.2.5
121 silly idealTree:prePrune ├── object-visit@1.0.1
121 silly idealTree:prePrune ├── object.pick@1.3.0
121 silly idealTree:prePrune ├── on-finished@2.3.0
121 silly idealTree:prePrune ├── on-headers@1.0.2
121 silly idealTree:prePrune ├── once@1.4.0
121 silly idealTree:prePrune ├── optimist@0.3.7
121 silly idealTree:prePrune ├── os-homedir@1.0.2
121 silly idealTree:prePrune ├── os-tmpdir@1.0.2
121 silly idealTree:prePrune ├── osenv@0.1.5
121 silly idealTree:prePrune ├── p-finally@1.0.0
121 silly idealTree:prePrune ├── package-json@4.0.1
121 silly idealTree:prePrune ├── parseurl@1.3.3
121 silly idealTree:prePrune ├── pascalcase@0.1.1
121 silly idealTree:prePrune ├── path-dirname@1.0.2
121 silly idealTree:prePrune ├── path-is-absolute@1.0.1
121 silly idealTree:prePrune ├── path-is-inside@1.0.2
121 silly idealTree:prePrune ├── path-key@2.0.1
121 silly idealTree:prePrune ├── path-to-regexp@0.1.7
121 silly idealTree:prePrune ├── pify@3.0.0
121 silly idealTree:prePrune ├── posix-character-classes@0.1.1
121 silly idealTree:prePrune ├── prepend-http@1.0.4
121 silly idealTree:prePrune ├── process-nextick-args@2.0.0
121 silly idealTree:prePrune ├── promise@6.1.0
121 silly idealTree:prePrune ├── proxy-addr@2.0.5
121 silly idealTree:prePrune ├── pseudomap@1.0.2
121 silly idealTree:prePrune ├── pstree.remy@1.1.6
121 silly idealTree:prePrune ├── qs@6.5.2
121 silly idealTree:prePrune ├── range-parser@1.2.0
121 silly idealTree:prePrune ├── raw-body@2.3.3
121 silly idealTree:prePrune ├─┬ rc@1.2.8
121 silly idealTree:prePrune │ └── minimist@1.2.0
121 silly idealTree:prePrune ├── readable-stream@2.3.6
121 silly idealTree:prePrune ├── readdirp@2.2.1
121 silly idealTree:prePrune ├── regex-not@1.0.2
121 silly idealTree:prePrune ├── regexp-clone@0.0.1
121 silly idealTree:prePrune ├── registry-auth-token@3.4.0
121 silly idealTree:prePrune ├── registry-url@3.1.0
121 silly idealTree:prePrune ├── remove-trailing-separator@1.1.0
121 silly idealTree:prePrune ├── repeat-element@1.1.3
121 silly idealTree:prePrune ├── repeat-string@1.6.1
121 silly idealTree:prePrune ├── require_optional@1.0.1
121 silly idealTree:prePrune ├── resolve-from@2.0.0
121 silly idealTree:prePrune ├── resolve-url@0.2.1
121 silly idealTree:prePrune ├── ret@0.1.15
121 silly idealTree:prePrune ├── right-align@0.1.3
121 silly idealTree:prePrune ├── rimraf@2.6.3
121 silly idealTree:prePrune ├── safe-buffer@5.1.2
121 silly idealTree:prePrune ├── safe-regex@1.1.0
121 silly idealTree:prePrune ├── safer-buffer@2.1.2
121 silly idealTree:prePrune ├── saslprep@1.0.2
121 silly idealTree:prePrune ├── sax@1.2.4
121 silly idealTree:prePrune ├── semver-diff@2.1.0
121 silly idealTree:prePrune ├── semver@5.7.0
121 silly idealTree:prePrune ├── send@0.16.2
121 silly idealTree:prePrune ├── serve-static@1.13.2
121 silly idealTree:prePrune ├── set-blocking@2.0.0
121 silly idealTree:prePrune ├─┬ set-value@2.0.0
121 silly idealTree:prePrune │ └── extend-shallow@2.0.1
121 silly idealTree:prePrune ├── setprototypeof@1.1.0
121 silly idealTree:prePrune ├── shebang-command@1.2.0
121 silly idealTree:prePrune ├── shebang-regex@1.0.0
121 silly idealTree:prePrune ├── sift@7.0.1
121 silly idealTree:prePrune ├── signal-exit@3.0.2
121 silly idealTree:prePrune ├── sliced@1.0.1
121 silly idealTree:prePrune ├─┬ snapdragon-node@2.1.1
121 silly idealTree:prePrune │ ├── define-property@1.0.0
121 silly idealTree:prePrune │ ├── is-accessor-descriptor@1.0.0
121 silly idealTree:prePrune │ ├── is-data-descriptor@1.0.0
121 silly idealTree:prePrune │ ├── is-descriptor@1.0.2
121 silly idealTree:prePrune │ └── kind-of@6.0.2
121 silly idealTree:prePrune ├── snapdragon-util@3.0.1
121 silly idealTree:prePrune ├─┬ snapdragon@0.8.2
121 silly idealTree:prePrune │ ├── define-property@0.2.5
121 silly idealTree:prePrune │ ├── extend-shallow@2.0.1
121 silly idealTree:prePrune │ └── source-map@0.5.7
121 silly idealTree:prePrune ├── source-map-resolve@0.5.2
121 silly idealTree:prePrune ├── source-map-url@0.4.0
121 silly idealTree:prePrune ├── source-map@0.4.4
121 silly idealTree:prePrune ├── sparse-bitfield@3.0.3
121 silly idealTree:prePrune ├── split-string@3.1.0
121 silly idealTree:prePrune ├─┬ static-extend@0.1.2
121 silly idealTree:prePrune │ └── define-property@0.2.5
121 silly idealTree:prePrune ├── statuses@1.4.0
121 silly idealTree:prePrune ├── streamsearch@0.1.2
121 silly idealTree:prePrune ├── string_decoder@1.1.1
121 silly idealTree:prePrune ├── string-width@2.1.1
121 silly idealTree:prePrune ├── strip-ansi@4.0.0
121 silly idealTree:prePrune ├── strip-eof@1.0.0
121 silly idealTree:prePrune ├── strip-json-comments@2.0.1
121 silly idealTree:prePrune ├── supports-color@5.5.0
121 silly idealTree:prePrune ├─┬ tar@4.4.8
121 silly idealTree:prePrune │ └── yallist@3.0.3
121 silly idealTree:prePrune ├── term-size@1.2.0
121 silly idealTree:prePrune ├── timed-out@4.0.1
121 silly idealTree:prePrune ├── to-object-path@0.3.0
121 silly idealTree:prePrune ├── to-regex-range@2.1.1
121 silly idealTree:prePrune ├── to-regex@3.0.2
121 silly idealTree:prePrune ├── touch@3.1.0
121 silly idealTree:prePrune ├─┬ transformers@2.1.0
121 silly idealTree:prePrune │ ├── is-promise@1.0.1
121 silly idealTree:prePrune │ ├── promise@2.0.0
121 silly idealTree:prePrune │ ├── source-map@0.1.43
121 silly idealTree:prePrune │ └── uglify-js@2.2.5
121 silly idealTree:prePrune ├── type-is@1.6.17
121 silly idealTree:prePrune ├── typedarray@0.0.6
121 silly idealTree:prePrune ├─┬ uglify-js@2.8.29
121 silly idealTree:prePrune │ └── source-map@0.5.7
121 silly idealTree:prePrune ├── uglify-to-browserify@1.0.2
121 silly idealTree:prePrune ├── undefsafe@2.0.2
121 silly idealTree:prePrune ├─┬ union-value@1.0.0
121 silly idealTree:prePrune │ ├── extend-shallow@2.0.1
121 silly idealTree:prePrune │ └── set-value@0.4.3
121 silly idealTree:prePrune ├── unique-string@1.0.0
121 silly idealTree:prePrune ├── unpipe@1.0.0
121 silly idealTree:prePrune ├─┬ unset-value@1.0.0
121 silly idealTree:prePrune │ ├─┬ has-value@0.3.1
121 silly idealTree:prePrune │ │ └── isobject@2.1.0
121 silly idealTree:prePrune │ └── has-values@0.1.4
121 silly idealTree:prePrune ├── unzip-response@2.0.1
121 silly idealTree:prePrune ├── upath@1.1.2
121 silly idealTree:prePrune ├── update-notifier@2.5.0
121 silly idealTree:prePrune ├── urix@0.1.0
121 silly idealTree:prePrune ├── url-parse-lax@1.0.0
121 silly idealTree:prePrune ├── use@3.1.1
121 silly idealTree:prePrune ├── util-deprecate@1.0.2
121 silly idealTree:prePrune ├── utils-merge@1.0.1
121 silly idealTree:prePrune ├── vary@1.1.2
121 silly idealTree:prePrune ├── void-elements@2.0.1
121 silly idealTree:prePrune ├── which@1.3.1
121 silly idealTree:prePrune ├── wide-align@1.1.3
121 silly idealTree:prePrune ├── widest-line@2.0.1
121 silly idealTree:prePrune ├── window-size@0.1.0
121 silly idealTree:prePrune ├─┬ with@4.0.3
121 silly idealTree:prePrune │ └── acorn@1.2.2
121 silly idealTree:prePrune ├── wordwrap@0.0.3
121 silly idealTree:prePrune ├── wrappy@1.0.2
121 silly idealTree:prePrune ├── write-file-atomic@2.4.2
121 silly idealTree:prePrune ├── xdg-basedir@3.0.0
121 silly idealTree:prePrune ├── xtend@4.0.1
121 silly idealTree:prePrune ├── yallist@2.1.2
121 silly idealTree:prePrune └── yargs@3.10.0
122 silly loadIdealTree Finishing
123 silly currentTree react-backend-server@0.0.0
123 silly currentTree ├── abbrev@1.1.1
123 silly currentTree ├── accepts@1.3.5
123 silly currentTree ├── acorn-globals@1.0.9
123 silly currentTree ├── acorn@2.7.0
123 silly currentTree ├── align-text@0.1.4
123 silly currentTree ├── amdefine@1.0.1
123 silly currentTree ├── ansi-align@2.0.0
123 silly currentTree ├── ansi-regex@3.0.0
123 silly currentTree ├── ansi-styles@3.2.1
123 silly currentTree ├─┬ anymatch@2.0.0
123 silly currentTree │ └── normalize-path@2.1.1
123 silly currentTree ├── append-field@1.0.0
123 silly currentTree ├── aproba@1.2.0
123 silly currentTree ├── are-we-there-yet@1.1.5
123 silly currentTree ├── arr-diff@4.0.0
123 silly currentTree ├── arr-flatten@1.1.0
123 silly currentTree ├── arr-union@3.1.0
123 silly currentTree ├── array-flatten@1.1.1
123 silly currentTree ├── array-unique@0.3.2
123 silly currentTree ├── asap@1.0.0
123 silly currentTree ├── assign-symbols@1.0.0
123 silly currentTree ├── async-each@1.0.3
123 silly currentTree ├── async@2.6.1
123 silly currentTree ├── atob@2.1.2
123 silly currentTree ├── balanced-match@1.0.0
123 silly currentTree ├─┬ base@0.11.2
123 silly currentTree │ ├── define-property@1.0.0
123 silly currentTree │ ├── is-accessor-descriptor@1.0.0
123 silly currentTree │ ├── is-data-descriptor@1.0.0
123 silly currentTree │ ├── is-descriptor@1.0.2
123 silly currentTree │ └── kind-of@6.0.2
123 silly currentTree ├── basic-auth@2.0.1
123 silly currentTree ├── bcrypt@3.0.6
123 silly currentTree ├── binary-extensions@1.13.1
123 silly currentTree ├── bluebird@3.5.1
123 silly currentTree ├── body-parser@1.18.3
123 silly currentTree ├─┬ boxen@1.3.0
123 silly currentTree │ └── camelcase@4.1.0
123 silly currentTree ├── brace-expansion@1.1.11
123 silly currentTree ├─┬ braces@2.3.2
123 silly currentTree │ └── extend-shallow@2.0.1
123 silly currentTree ├── bson@1.1.1
123 silly currentTree ├── buffer-from@1.1.1
123 silly currentTree ├─┬ busboy@0.2.14
123 silly currentTree │ ├── isarray@0.0.1
123 silly currentTree │ ├── readable-stream@1.1.14
123 silly currentTree │ └── string_decoder@0.10.31
123 silly currentTree ├── bytes@3.0.0
123 silly currentTree ├── cache-base@1.0.1
123 silly currentTree ├── camelcase@1.2.1
123 silly currentTree ├── capture-stack-trace@1.0.1
123 silly currentTree ├── center-align@0.1.3
123 silly currentTree ├── chalk@2.4.2
123 silly currentTree ├── character-parser@1.2.1
123 silly currentTree ├── chokidar@2.1.5
123 silly currentTree ├── chownr@1.1.1
123 silly currentTree ├── ci-info@1.6.0
123 silly currentTree ├─┬ class-utils@0.3.6
123 silly currentTree │ └── define-property@0.2.5
123 silly currentTree ├─┬ clean-css@3.4.28
123 silly currentTree │ └── commander@2.8.1
123 silly currentTree ├── cli-boxes@1.0.0
123 silly currentTree ├─┬ cliui@2.1.0
123 silly currentTree │ └── wordwrap@0.0.2
123 silly currentTree ├── code-point-at@1.1.0
123 silly currentTree ├── collection-visit@1.0.0
123 silly currentTree ├── color-convert@1.9.3
123 silly currentTree ├── color-name@1.1.3
123 silly currentTree ├── commander@2.6.0
123 silly currentTree ├── component-emitter@1.3.0
123 silly currentTree ├── concat-map@0.0.1
123 silly currentTree ├── concat-stream@1.6.2
123 silly currentTree ├── configstore@3.1.2
123 silly currentTree ├── console-control-strings@1.1.0
123 silly currentTree ├── constantinople@3.0.2
123 silly currentTree ├── content-disposition@0.5.2
123 silly currentTree ├── content-type@1.0.4
123 silly currentTree ├── cookie-parser@1.4.4
123 silly currentTree ├── cookie-signature@1.0.6
123 silly currentTree ├── cookie@0.3.1
123 silly currentTree ├── copy-descriptor@0.1.1
123 silly currentTree ├── core-util-is@1.0.2
123 silly currentTree ├── create-error-class@3.0.2
123 silly currentTree ├── cross-spawn@5.1.0
123 silly currentTree ├── crypto-random-string@1.0.0
123 silly currentTree ├── css-parse@1.0.4
123 silly currentTree ├── css-stringify@1.0.5
123 silly currentTree ├── css@1.0.8
123 silly currentTree ├── debug@2.6.9
123 silly currentTree ├── decamelize@1.2.0
123 silly currentTree ├── decode-uri-component@0.2.0
123 silly currentTree ├── deep-extend@0.6.0
123 silly currentTree ├─┬ define-property@2.0.2
123 silly currentTree │ ├── is-accessor-descriptor@1.0.0
123 silly currentTree │ ├── is-data-descriptor@1.0.0
123 silly currentTree │ ├── is-descriptor@1.0.2
123 silly currentTree │ └── kind-of@6.0.2
123 silly currentTree ├── delegates@1.0.0
123 silly currentTree ├── depd@1.1.2
123 silly currentTree ├── destroy@1.0.4
123 silly currentTree ├── detect-libc@1.0.3
123 silly currentTree ├─┬ dicer@0.2.5
123 silly currentTree │ ├── isarray@0.0.1
123 silly currentTree │ ├── readable-stream@1.1.14
123 silly currentTree │ └── string_decoder@0.10.31
123 silly currentTree ├── dot-prop@4.2.0
123 silly currentTree ├── duplexer3@0.1.4
123 silly currentTree ├── ee-first@1.1.1
123 silly currentTree ├── encodeurl@1.0.2
123 silly currentTree ├── escape-html@1.0.3
123 silly currentTree ├── escape-string-regexp@1.0.5
123 silly currentTree ├── etag@1.8.1
123 silly currentTree ├── execa@0.7.0
123 silly currentTree ├─┬ expand-brackets@2.1.4
123 silly currentTree │ ├── define-property@0.2.5
123 silly currentTree │ └── extend-shallow@2.0.1
123 silly currentTree ├── express@4.16.4
123 silly currentTree ├─┬ extend-shallow@3.0.2
123 silly currentTree │ └── is-extendable@1.0.1
123 silly currentTree ├─┬ extglob@2.0.4
123 silly currentTree │ ├── define-property@1.0.0
123 silly currentTree │ ├── extend-shallow@2.0.1
123 silly currentTree │ ├── is-accessor-descriptor@1.0.0
123 silly currentTree │ ├── is-data-descriptor@1.0.0
123 silly currentTree │ ├── is-descriptor@1.0.2
123 silly currentTree │ └── kind-of@6.0.2
123 silly currentTree ├─┬ fill-range@4.0.0
123 silly currentTree │ └── extend-shallow@2.0.1
123 silly currentTree ├── finalhandler@1.1.1
123 silly currentTree ├── for-in@1.0.2
123 silly currentTree ├── forwarded@0.1.2
123 silly currentTree ├── fragment-cache@0.2.1
123 silly currentTree ├── fresh@0.5.2
123 silly currentTree ├── fs-minipass@1.2.5
123 silly currentTree ├── fs.realpath@1.0.0
123 silly currentTree ├─┬ gauge@2.7.4
123 silly currentTree │ ├── ansi-regex@2.1.1
123 silly currentTree │ ├── is-fullwidth-code-point@1.0.0
123 silly currentTree │ ├── string-width@1.0.2
123 silly currentTree │ └── strip-ansi@3.0.1
123 silly currentTree ├── get-stream@3.0.0
123 silly currentTree ├── get-value@2.0.6
123 silly currentTree ├─┬ glob-parent@3.1.0
123 silly currentTree │ └── is-glob@3.1.0
123 silly currentTree ├── glob@7.1.3
123 silly currentTree ├── global-dirs@0.1.1
123 silly currentTree ├── got@6.7.1
123 silly currentTree ├── graceful-fs@4.1.15
123 silly currentTree ├── graceful-readlink@1.0.1
123 silly currentTree ├── has-flag@3.0.0
123 silly currentTree ├── has-unicode@2.0.1
123 silly currentTree ├── has-value@1.0.0
123 silly currentTree ├─┬ has-values@1.0.0
123 silly currentTree │ └── kind-of@4.0.0
123 silly currentTree ├── http-errors@1.6.3
123 silly currentTree ├── iconv-lite@0.4.23
123 silly currentTree ├── ignore-by-default@1.0.1
123 silly currentTree ├── ignore-walk@3.0.1
123 silly currentTree ├── import-lazy@2.1.0
123 silly currentTree ├── imurmurhash@0.1.4
123 silly currentTree ├── inflight@1.0.6
123 silly currentTree ├── inherits@2.0.3
123 silly currentTree ├── ini@1.3.5
123 silly currentTree ├── ipaddr.js@1.9.0
123 silly currentTree ├── is-accessor-descriptor@0.1.6
123 silly currentTree ├── is-binary-path@1.0.1
123 silly currentTree ├── is-buffer@1.1.6
123 silly currentTree ├── is-ci@1.2.1
123 silly currentTree ├── is-data-descriptor@0.1.4
123 silly currentTree ├─┬ is-descriptor@0.1.6
123 silly currentTree │ └── kind-of@5.1.0
123 silly currentTree ├── is-extendable@0.1.1
123 silly currentTree ├── is-extglob@2.1.1
123 silly currentTree ├── is-fullwidth-code-point@2.0.0
123 silly currentTree ├── is-glob@4.0.1
123 silly currentTree ├── is-installed-globally@0.1.0
123 silly currentTree ├── is-npm@1.0.0
123 silly currentTree ├── is-number@3.0.0
123 silly currentTree ├── is-obj@1.0.1
123 silly currentTree ├── is-path-inside@1.0.1
123 silly currentTree ├── is-plain-object@2.0.4
123 silly currentTree ├── is-promise@2.1.0
123 silly currentTree ├── is-redirect@1.0.0
123 silly currentTree ├── is-retry-allowed@1.1.0
123 silly currentTree ├── is-stream@1.1.0
123 silly currentTree ├── is-windows@1.0.2
123 silly currentTree ├── isarray@1.0.0
123 silly currentTree ├── isexe@2.0.0
123 silly currentTree ├── isobject@3.0.1
123 silly currentTree ├── jade@1.11.0
123 silly currentTree ├── jstransformer@0.0.2
123 silly currentTree ├── kareem@2.3.0
123 silly currentTree ├── kind-of@3.2.2
123 silly currentTree ├── latest-version@3.1.0
123 silly currentTree ├── lazy-cache@1.0.4
123 silly currentTree ├── lodash@4.17.11
123 silly currentTree ├── longest@1.0.1
123 silly currentTree ├── lowercase-keys@1.0.1
123 silly currentTree ├── lru-cache@4.1.5
123 silly currentTree ├── make-dir@1.3.0
123 silly currentTree ├── map-cache@0.2.2
123 silly currentTree ├── map-visit@1.0.0
123 silly currentTree ├── media-typer@0.3.0
123 silly currentTree ├── memory-pager@1.5.0
123 silly currentTree ├── merge-descriptors@1.0.1
123 silly currentTree ├── methods@1.1.2
123 silly currentTree ├─┬ micromatch@3.1.10
123 silly currentTree │ └── kind-of@6.0.2
123 silly currentTree ├── mime-db@1.40.0
123 silly currentTree ├── mime-types@2.1.24
123 silly currentTree ├── mime@1.4.1
123 silly currentTree ├── minimatch@3.0.4
123 silly currentTree ├── minimist@0.0.8
123 silly currentTree ├─┬ minipass@2.3.5
123 silly currentTree │ └── yallist@3.0.3
123 silly currentTree ├── minizlib@1.2.1
123 silly currentTree ├─┬ mixin-deep@1.3.1
123 silly currentTree │ └── is-extendable@1.0.1
123 silly currentTree ├── mkdirp@0.5.1
123 silly currentTree ├── mongodb-core@3.2.2
123 silly currentTree ├── mongodb@3.2.2
123 silly currentTree ├── mongoose-legacy-pluralize@1.0.2
123 silly currentTree ├─┬ mongoose@5.5.4
123 silly currentTree │ └── ms@2.1.1
123 silly currentTree ├── morgan@1.9.1
123 silly currentTree ├── mpath@0.5.2
123 silly currentTree ├─┬ mquery@3.2.0
123 silly currentTree │ └── debug@3.1.0
123 silly currentTree ├── ms@2.0.0
123 silly currentTree ├── multer@1.4.1
123 silly currentTree ├── nan@2.13.2
123 silly currentTree ├─┬ nanomatch@1.2.13
123 silly currentTree │ └── kind-of@6.0.2
123 silly currentTree ├─┬ needle@2.3.1
123 silly currentTree │ ├── debug@4.1.1
123 silly currentTree │ └── ms@2.1.1
123 silly currentTree ├── negotiator@0.6.1
123 silly currentTree ├─┬ node-pre-gyp@0.12.0
123 silly currentTree │ └── nopt@4.0.1
123 silly currentTree ├─┬ nodemon@1.18.11
123 silly currentTree │ ├── debug@3.2.6
123 silly currentTree │ └── ms@2.1.1
123 silly currentTree ├── nopt@1.0.10
123 silly currentTree ├── normalize-path@3.0.0
123 silly currentTree ├── npm-bundled@1.0.6
123 silly currentTree ├── npm-packlist@1.4.1
123 silly currentTree ├── npm-run-path@2.0.2
123 silly currentTree ├── npmlog@4.1.2
123 silly currentTree ├── number-is-nan@1.0.1
123 silly currentTree ├── object-assign@4.1.1
123 silly currentTree ├─┬ object-copy@0.1.0
123 silly currentTree │ └── define-property@0.2.5
123 silly currentTree ├── object-visit@1.0.1
123 silly currentTree ├── object.pick@1.3.0
123 silly currentTree ├── on-finished@2.3.0
123 silly currentTree ├── on-headers@1.0.2
123 silly currentTree ├── once@1.4.0
123 silly currentTree ├── optimist@0.3.7
123 silly currentTree ├── os-homedir@1.0.2
123 silly currentTree ├── os-tmpdir@1.0.2
123 silly currentTree ├── osenv@0.1.5
123 silly currentTree ├── p-finally@1.0.0
123 silly currentTree ├── package-json@4.0.1
123 silly currentTree ├── parseurl@1.3.3
123 silly currentTree ├── pascalcase@0.1.1
123 silly currentTree ├── path-dirname@1.0.2
123 silly currentTree ├── path-is-absolute@1.0.1
123 silly currentTree ├── path-is-inside@1.0.2
123 silly currentTree ├── path-key@2.0.1
123 silly currentTree ├── path-to-regexp@0.1.7
123 silly currentTree ├── pify@3.0.0
123 silly currentTree ├── posix-character-classes@0.1.1
123 silly currentTree ├── prepend-http@1.0.4
123 silly currentTree ├── process-nextick-args@2.0.0
123 silly currentTree ├── promise@6.1.0
123 silly currentTree ├── proxy-addr@2.0.5
123 silly currentTree ├── pseudomap@1.0.2
123 silly currentTree ├── pstree.remy@1.1.6
123 silly currentTree ├── qs@6.5.2
123 silly currentTree ├── range-parser@1.2.0
123 silly currentTree ├── raw-body@2.3.3
123 silly currentTree ├─┬ rc@1.2.8
123 silly currentTree │ └── minimist@1.2.0
123 silly currentTree ├── readable-stream@2.3.6
123 silly currentTree ├── readdirp@2.2.1
123 silly currentTree ├── regex-not@1.0.2
123 silly currentTree ├── regexp-clone@0.0.1
123 silly currentTree ├── registry-auth-token@3.4.0
123 silly currentTree ├── registry-url@3.1.0
123 silly currentTree ├── remove-trailing-separator@1.1.0
123 silly currentTree ├── repeat-element@1.1.3
123 silly currentTree ├── repeat-string@1.6.1
123 silly currentTree ├── require_optional@1.0.1
123 silly currentTree ├── resolve-from@2.0.0
123 silly currentTree ├── resolve-url@0.2.1
123 silly currentTree ├── ret@0.1.15
123 silly currentTree ├── right-align@0.1.3
123 silly currentTree ├── rimraf@2.6.3
123 silly currentTree ├── safe-buffer@5.1.2
123 silly currentTree ├── safe-regex@1.1.0
123 silly currentTree ├── safer-buffer@2.1.2
123 silly currentTree ├── saslprep@1.0.2
123 silly currentTree ├── sax@1.2.4
123 silly currentTree ├── semver-diff@2.1.0
123 silly currentTree ├── semver@5.7.0
123 silly currentTree ├── send@0.16.2
123 silly currentTree ├── serve-static@1.13.2
123 silly currentTree ├── set-blocking@2.0.0
123 silly currentTree ├─┬ set-value@2.0.0
123 silly currentTree │ └── extend-shallow@2.0.1
123 silly currentTree ├── setprototypeof@1.1.0
123 silly currentTree ├── shebang-command@1.2.0
123 silly currentTree ├── shebang-regex@1.0.0
123 silly currentTree ├── sift@7.0.1
123 silly currentTree ├── signal-exit@3.0.2
123 silly currentTree ├── sliced@1.0.1
123 silly currentTree ├─┬ snapdragon-node@2.1.1
123 silly currentTree │ ├── define-property@1.0.0
123 silly currentTree │ ├── is-accessor-descriptor@1.0.0
123 silly currentTree │ ├── is-data-descriptor@1.0.0
123 silly currentTree │ ├── is-descriptor@1.0.2
123 silly currentTree │ └── kind-of@6.0.2
123 silly currentTree ├── snapdragon-util@3.0.1
123 silly currentTree ├─┬ snapdragon@0.8.2
123 silly currentTree │ ├── define-property@0.2.5
123 silly currentTree │ ├── extend-shallow@2.0.1
123 silly currentTree │ └── source-map@0.5.7
123 silly currentTree ├── source-map-resolve@0.5.2
123 silly currentTree ├── source-map-url@0.4.0
123 silly currentTree ├── source-map@0.4.4
123 silly currentTree ├── sparse-bitfield@3.0.3
123 silly currentTree ├── split-string@3.1.0
123 silly currentTree ├─┬ static-extend@0.1.2
123 silly currentTree │ └── define-property@0.2.5
123 silly currentTree ├── statuses@1.4.0
123 silly currentTree ├── streamsearch@0.1.2
123 silly currentTree ├── string_decoder@1.1.1
123 silly currentTree ├── string-width@2.1.1
123 silly currentTree ├── strip-ansi@4.0.0
123 silly currentTree ├── strip-eof@1.0.0
123 silly currentTree ├── strip-json-comments@2.0.1
123 silly currentTree ├── supports-color@5.5.0
123 silly currentTree ├─┬ tar@4.4.8
123 silly currentTree │ └── yallist@3.0.3
123 silly currentTree ├── term-size@1.2.0
123 silly currentTree ├── timed-out@4.0.1
123 silly currentTree ├── to-object-path@0.3.0
123 silly currentTree ├── to-regex-range@2.1.1
123 silly currentTree ├── to-regex@3.0.2
123 silly currentTree ├── touch@3.1.0
123 silly currentTree ├─┬ transformers@2.1.0
123 silly currentTree │ ├── is-promise@1.0.1
123 silly currentTree │ ├── promise@2.0.0
123 silly currentTree │ ├── source-map@0.1.43
123 silly currentTree │ └── uglify-js@2.2.5
123 silly currentTree ├── type-is@1.6.17
123 silly currentTree ├── typedarray@0.0.6
123 silly currentTree ├─┬ uglify-js@2.8.29
123 silly currentTree │ └── source-map@0.5.7
123 silly currentTree ├── uglify-to-browserify@1.0.2
123 silly currentTree ├── undefsafe@2.0.2
123 silly currentTree ├─┬ union-value@1.0.0
123 silly currentTree │ ├── extend-shallow@2.0.1
123 silly currentTree │ └── set-value@0.4.3
123 silly currentTree ├── unique-string@1.0.0
123 silly currentTree ├── unpipe@1.0.0
123 silly currentTree ├─┬ unset-value@1.0.0
123 silly currentTree │ ├─┬ has-value@0.3.1
123 silly currentTree │ │ └── isobject@2.1.0
123 silly currentTree │ └── has-values@0.1.4
123 silly currentTree ├── unzip-response@2.0.1
123 silly currentTree ├── upath@1.1.2
123 silly currentTree ├── update-notifier@2.5.0
123 silly currentTree ├── urix@0.1.0
123 silly currentTree ├── url-parse-lax@1.0.0
123 silly currentTree ├── use@3.1.1
123 silly currentTree ├── util-deprecate@1.0.2
123 silly currentTree ├── utils-merge@1.0.1
123 silly currentTree ├── vary@1.1.2
123 silly currentTree ├── void-elements@2.0.1
123 silly currentTree ├── which@1.3.1
123 silly currentTree ├── wide-align@1.1.3
123 silly currentTree ├── widest-line@2.0.1
123 silly currentTree ├── window-size@0.1.0
123 silly currentTree ├─┬ with@4.0.3
123 silly currentTree │ └── acorn@1.2.2
123 silly currentTree ├── wordwrap@0.0.3
123 silly currentTree ├── wrappy@1.0.2
123 silly currentTree ├── write-file-atomic@2.4.2
123 silly currentTree ├── xdg-basedir@3.0.0
123 silly currentTree ├── xtend@4.0.1
123 silly currentTree ├── yallist@2.1.2
123 silly currentTree └── yargs@3.10.0
124 silly idealTree react-backend-server@0.0.0
124 silly idealTree ├── abbrev@1.1.1
124 silly idealTree ├── accepts@1.3.5
124 silly idealTree ├── acorn-globals@1.0.9
124 silly idealTree ├── acorn@2.7.0
124 silly idealTree ├── align-text@0.1.4
124 silly idealTree ├── amdefine@1.0.1
124 silly idealTree ├── ansi-align@2.0.0
124 silly idealTree ├── ansi-regex@3.0.0
124 silly idealTree ├── ansi-styles@3.2.1
124 silly idealTree ├─┬ anymatch@2.0.0
124 silly idealTree │ └── normalize-path@2.1.1
124 silly idealTree ├── append-field@1.0.0
124 silly idealTree ├── aproba@1.2.0
124 silly idealTree ├── are-we-there-yet@1.1.5
124 silly idealTree ├── arr-diff@4.0.0
124 silly idealTree ├── arr-flatten@1.1.0
124 silly idealTree ├── arr-union@3.1.0
124 silly idealTree ├── array-flatten@1.1.1
124 silly idealTree ├── array-unique@0.3.2
124 silly idealTree ├── asap@1.0.0
124 silly idealTree ├── assign-symbols@1.0.0
124 silly idealTree ├── async-each@1.0.3
124 silly idealTree ├── async@2.6.1
124 silly idealTree ├── atob@2.1.2
124 silly idealTree ├── balanced-match@1.0.0
124 silly idealTree ├─┬ base@0.11.2
124 silly idealTree │ ├── define-property@1.0.0
124 silly idealTree │ ├── is-accessor-descriptor@1.0.0
124 silly idealTree │ ├── is-data-descriptor@1.0.0
124 silly idealTree │ ├── is-descriptor@1.0.2
124 silly idealTree │ └── kind-of@6.0.2
124 silly idealTree ├── basic-auth@2.0.1
124 silly idealTree ├── bcrypt@3.0.6
124 silly idealTree ├── binary-extensions@1.13.1
124 silly idealTree ├── bluebird@3.5.1
124 silly idealTree ├── body-parser@1.18.3
124 silly idealTree ├─┬ boxen@1.3.0
124 silly idealTree │ └── camelcase@4.1.0
124 silly idealTree ├── brace-expansion@1.1.11
124 silly idealTree ├─┬ braces@2.3.2
124 silly idealTree │ └── extend-shallow@2.0.1
124 silly idealTree ├── bson@1.1.1
124 silly idealTree ├── buffer-from@1.1.1
124 silly idealTree ├─┬ busboy@0.2.14
124 silly idealTree │ ├── isarray@0.0.1
124 silly idealTree │ ├── readable-stream@1.1.14
124 silly idealTree │ └── string_decoder@0.10.31
124 silly idealTree ├── bytes@3.0.0
124 silly idealTree ├── cache-base@1.0.1
124 silly idealTree ├── camelcase@1.2.1
124 silly idealTree ├── capture-stack-trace@1.0.1
124 silly idealTree ├── center-align@0.1.3
124 silly idealTree ├── chalk@2.4.2
124 silly idealTree ├── character-parser@1.2.1
124 silly idealTree ├── chokidar@2.1.5
124 silly idealTree ├── chownr@1.1.1
124 silly idealTree ├── ci-info@1.6.0
124 silly idealTree ├─┬ class-utils@0.3.6
124 silly idealTree │ └── define-property@0.2.5
124 silly idealTree ├─┬ clean-css@3.4.28
124 silly idealTree │ └── commander@2.8.1
124 silly idealTree ├── cli-boxes@1.0.0
124 silly idealTree ├─┬ cliui@2.1.0
124 silly idealTree │ └── wordwrap@0.0.2
124 silly idealTree ├── code-point-at@1.1.0
124 silly idealTree ├── collection-visit@1.0.0
124 silly idealTree ├── color-convert@1.9.3
124 silly idealTree ├── color-name@1.1.3
124 silly idealTree ├── commander@2.6.0
124 silly idealTree ├── component-emitter@1.3.0
124 silly idealTree ├── concat-map@0.0.1
124 silly idealTree ├── concat-stream@1.6.2
124 silly idealTree ├── configstore@3.1.2
124 silly idealTree ├── console-control-strings@1.1.0
124 silly idealTree ├── constantinople@3.0.2
124 silly idealTree ├── content-disposition@0.5.2
124 silly idealTree ├── content-type@1.0.4
124 silly idealTree ├── cookie-parser@1.4.4
124 silly idealTree ├── cookie-signature@1.0.6
124 silly idealTree ├── cookie@0.3.1
124 silly idealTree ├── copy-descriptor@0.1.1
124 silly idealTree ├── core-util-is@1.0.2
124 silly idealTree ├── create-error-class@3.0.2
124 silly idealTree ├── cross-spawn@5.1.0
124 silly idealTree ├── crypto-random-string@1.0.0
124 silly idealTree ├── css-parse@1.0.4
124 silly idealTree ├── css-stringify@1.0.5
124 silly idealTree ├── css@1.0.8
124 silly idealTree ├── debug@2.6.9
124 silly idealTree ├── decamelize@1.2.0
124 silly idealTree ├── decode-uri-component@0.2.0
124 silly idealTree ├── deep-extend@0.6.0
124 silly idealTree ├─┬ define-property@2.0.2
124 silly idealTree │ ├── is-accessor-descriptor@1.0.0
124 silly idealTree │ ├── is-data-descriptor@1.0.0
124 silly idealTree │ ├── is-descriptor@1.0.2
124 silly idealTree │ └── kind-of@6.0.2
124 silly idealTree ├── delegates@1.0.0
124 silly idealTree ├── depd@1.1.2
124 silly idealTree ├── destroy@1.0.4
124 silly idealTree ├── detect-libc@1.0.3
124 silly idealTree ├─┬ dicer@0.2.5
124 silly idealTree │ ├── isarray@0.0.1
124 silly idealTree │ ├── readable-stream@1.1.14
124 silly idealTree │ └── string_decoder@0.10.31
124 silly idealTree ├── dot-prop@4.2.0
124 silly idealTree ├── duplexer3@0.1.4
124 silly idealTree ├── ee-first@1.1.1
124 silly idealTree ├── encodeurl@1.0.2
124 silly idealTree ├── escape-html@1.0.3
124 silly idealTree ├── escape-string-regexp@1.0.5
124 silly idealTree ├── etag@1.8.1
124 silly idealTree ├── execa@0.7.0
124 silly idealTree ├─┬ expand-brackets@2.1.4
124 silly idealTree │ ├── define-property@0.2.5
124 silly idealTree │ └── extend-shallow@2.0.1
124 silly idealTree ├── express@4.16.4
124 silly idealTree ├─┬ extend-shallow@3.0.2
124 silly idealTree │ └── is-extendable@1.0.1
124 silly idealTree ├─┬ extglob@2.0.4
124 silly idealTree │ ├── define-property@1.0.0
124 silly idealTree │ ├── extend-shallow@2.0.1
124 silly idealTree │ ├── is-accessor-descriptor@1.0.0
124 silly idealTree │ ├── is-data-descriptor@1.0.0
124 silly idealTree │ ├── is-descriptor@1.0.2
124 silly idealTree │ └── kind-of@6.0.2
124 silly idealTree ├─┬ fill-range@4.0.0
124 silly idealTree │ └── extend-shallow@2.0.1
124 silly idealTree ├── finalhandler@1.1.1
124 silly idealTree ├── for-in@1.0.2
124 silly idealTree ├── forwarded@0.1.2
124 silly idealTree ├── fragment-cache@0.2.1
124 silly idealTree ├── fresh@0.5.2
124 silly idealTree ├── fs-minipass@1.2.5
124 silly idealTree ├── fs.realpath@1.0.0
124 silly idealTree ├─┬ gauge@2.7.4
124 silly idealTree │ ├── ansi-regex@2.1.1
124 silly idealTree │ ├── is-fullwidth-code-point@1.0.0
124 silly idealTree │ ├── string-width@1.0.2
124 silly idealTree │ └── strip-ansi@3.0.1
124 silly idealTree ├── get-stream@3.0.0
124 silly idealTree ├── get-value@2.0.6
124 silly idealTree ├─┬ glob-parent@3.1.0
124 silly idealTree │ └── is-glob@3.1.0
124 silly idealTree ├── glob@7.1.3
124 silly idealTree ├── global-dirs@0.1.1
124 silly idealTree ├── got@6.7.1
124 silly idealTree ├── graceful-fs@4.1.15
124 silly idealTree ├── graceful-readlink@1.0.1
124 silly idealTree ├── has-flag@3.0.0
124 silly idealTree ├── has-unicode@2.0.1
124 silly idealTree ├── has-value@1.0.0
124 silly idealTree ├─┬ has-values@1.0.0
124 silly idealTree │ └── kind-of@4.0.0
124 silly idealTree ├── http-errors@1.6.3
124 silly idealTree ├── iconv-lite@0.4.23
124 silly idealTree ├── ignore-by-default@1.0.1
124 silly idealTree ├── ignore-walk@3.0.1
124 silly idealTree ├── import-lazy@2.1.0
124 silly idealTree ├── imurmurhash@0.1.4
124 silly idealTree ├── inflight@1.0.6
124 silly idealTree ├── inherits@2.0.3
124 silly idealTree ├── ini@1.3.5
124 silly idealTree ├── ipaddr.js@1.9.0
124 silly idealTree ├── is-accessor-descriptor@0.1.6
124 silly idealTree ├── is-binary-path@1.0.1
124 silly idealTree ├── is-buffer@1.1.6
124 silly idealTree ├── is-ci@1.2.1
124 silly idealTree ├── is-data-descriptor@0.1.4
124 silly idealTree ├─┬ is-descriptor@0.1.6
124 silly idealTree │ └── kind-of@5.1.0
124 silly idealTree ├── is-extendable@0.1.1
124 silly idealTree ├── is-extglob@2.1.1
124 silly idealTree ├── is-fullwidth-code-point@2.0.0
124 silly idealTree ├── is-glob@4.0.1
124 silly idealTree ├── is-installed-globally@0.1.0
124 silly idealTree ├── is-npm@1.0.0
124 silly idealTree ├── is-number@3.0.0
124 silly idealTree ├── is-obj@1.0.1
124 silly idealTree ├── is-path-inside@1.0.1
124 silly idealTree ├── is-plain-object@2.0.4
124 silly idealTree ├── is-promise@2.1.0
124 silly idealTree ├── is-redirect@1.0.0
124 silly idealTree ├── is-retry-allowed@1.1.0
124 silly idealTree ├── is-stream@1.1.0
124 silly idealTree ├── is-windows@1.0.2
124 silly idealTree ├── isarray@1.0.0
124 silly idealTree ├── isexe@2.0.0
124 silly idealTree ├── isobject@3.0.1
124 silly idealTree ├── jade@1.11.0
124 silly idealTree ├── jstransformer@0.0.2
124 silly idealTree ├── jwt@0.2.0
124 silly idealTree ├── kareem@2.3.0
124 silly idealTree ├── kind-of@3.2.2
124 silly idealTree ├── latest-version@3.1.0
124 silly idealTree ├── lazy-cache@1.0.4
124 silly idealTree ├── lodash@4.17.11
124 silly idealTree ├── longest@1.0.1
124 silly idealTree ├── lowercase-keys@1.0.1
124 silly idealTree ├── lru-cache@4.1.5
124 silly idealTree ├── make-dir@1.3.0
124 silly idealTree ├── map-cache@0.2.2
124 silly idealTree ├── map-visit@1.0.0
124 silly idealTree ├── media-typer@0.3.0
124 silly idealTree ├── memory-pager@1.5.0
124 silly idealTree ├── merge-descriptors@1.0.1
124 silly idealTree ├── methods@1.1.2
124 silly idealTree ├─┬ micromatch@3.1.10
124 silly idealTree │ └── kind-of@6.0.2
124 silly idealTree ├── mime-db@1.40.0
124 silly idealTree ├── mime-types@2.1.24
124 silly idealTree ├── mime@1.4.1
124 silly idealTree ├── minimatch@3.0.4
124 silly idealTree ├── minimist@0.0.8
124 silly idealTree ├─┬ minipass@2.3.5
124 silly idealTree │ └── yallist@3.0.3
124 silly idealTree ├── minizlib@1.2.1
124 silly idealTree ├─┬ mixin-deep@1.3.1
124 silly idealTree │ └── is-extendable@1.0.1
124 silly idealTree ├── mkdirp@0.5.1
124 silly idealTree ├── mongodb-core@3.2.2
124 silly idealTree ├── mongodb@3.2.2
124 silly idealTree ├── mongoose-legacy-pluralize@1.0.2
124 silly idealTree ├─┬ mongoose@5.5.4
124 silly idealTree │ └── ms@2.1.1
124 silly idealTree ├── morgan@1.9.1
124 silly idealTree ├── mpath@0.5.2
124 silly idealTree ├─┬ mquery@3.2.0
124 silly idealTree │ └── debug@3.1.0
124 silly idealTree ├── ms@2.0.0
124 silly idealTree ├── multer@1.4.1
124 silly idealTree ├── nan@2.13.2
124 silly idealTree ├─┬ nanomatch@1.2.13
124 silly idealTree │ └── kind-of@6.0.2
124 silly idealTree ├─┬ needle@2.3.1
124 silly idealTree │ ├── debug@4.1.1
124 silly idealTree │ └── ms@2.1.1
124 silly idealTree ├── negotiator@0.6.1
124 silly idealTree ├── node-base64@0.0.1
124 silly idealTree ├─┬ node-pre-gyp@0.12.0
124 silly idealTree │ └── nopt@4.0.1
124 silly idealTree ├─┬ nodemon@1.18.11
124 silly idealTree │ ├── debug@3.2.6
124 silly idealTree │ └── ms@2.1.1
124 silly idealTree ├── nopt@1.0.10
124 silly idealTree ├── normalize-path@3.0.0
124 silly idealTree ├── npm-bundled@1.0.6
124 silly idealTree ├── npm-packlist@1.4.1
124 silly idealTree ├── npm-run-path@2.0.2
124 silly idealTree ├── npmlog@4.1.2
124 silly idealTree ├── number-is-nan@1.0.1
124 silly idealTree ├── object-assign@4.1.1
124 silly idealTree ├─┬ object-copy@0.1.0
124 silly idealTree │ └── define-property@0.2.5
124 silly idealTree ├── object-visit@1.0.1
124 silly idealTree ├── object.pick@1.3.0
124 silly idealTree ├── on-finished@2.3.0
124 silly idealTree ├── on-headers@1.0.2
124 silly idealTree ├── once@1.4.0
124 silly idealTree ├── optimist@0.3.7
124 silly idealTree ├── os-homedir@1.0.2
124 silly idealTree ├── os-tmpdir@1.0.2
124 silly idealTree ├── osenv@0.1.5
124 silly idealTree ├── p-finally@1.0.0
124 silly idealTree ├── package-json@4.0.1
124 silly idealTree ├── parseurl@1.3.3
124 silly idealTree ├── pascalcase@0.1.1
124 silly idealTree ├── path-dirname@1.0.2
124 silly idealTree ├── path-is-absolute@1.0.1
124 silly idealTree ├── path-is-inside@1.0.2
124 silly idealTree ├── path-key@2.0.1
124 silly idealTree ├── path-to-regexp@0.1.7
124 silly idealTree ├── pify@3.0.0
124 silly idealTree ├── posix-character-classes@0.1.1
124 silly idealTree ├── prepend-http@1.0.4
124 silly idealTree ├── process-nextick-args@2.0.0
124 silly idealTree ├── promise@6.1.0
124 silly idealTree ├── proxy-addr@2.0.5
124 silly idealTree ├── pseudomap@1.0.2
124 silly idealTree ├── pstree.remy@1.1.6
124 silly idealTree ├── qs@6.5.2
124 silly idealTree ├── range-parser@1.2.0
124 silly idealTree ├── raw-body@2.3.3
124 silly idealTree ├─┬ rc@1.2.8
124 silly idealTree │ └── minimist@1.2.0
124 silly idealTree ├── readable-stream@2.3.6
124 silly idealTree ├── readdirp@2.2.1
124 silly idealTree ├── regex-not@1.0.2
124 silly idealTree ├── regexp-clone@0.0.1
124 silly idealTree ├── registry-auth-token@3.4.0
124 silly idealTree ├── registry-url@3.1.0
124 silly idealTree ├── remove-trailing-separator@1.1.0
124 silly idealTree ├── repeat-element@1.1.3
124 silly idealTree ├── repeat-string@1.6.1
124 silly idealTree ├── require_optional@1.0.1
124 silly idealTree ├── resolve-from@2.0.0
124 silly idealTree ├── resolve-url@0.2.1
124 silly idealTree ├── ret@0.1.15
124 silly idealTree ├── right-align@0.1.3
124 silly idealTree ├── rimraf@2.6.3
124 silly idealTree ├── safe-buffer@5.1.2
124 silly idealTree ├── safe-regex@1.1.0
124 silly idealTree ├── safer-buffer@2.1.2
124 silly idealTree ├── saslprep@1.0.2
124 silly idealTree ├── sax@1.2.4
124 silly idealTree ├── semver-diff@2.1.0
124 silly idealTree ├── semver@5.7.0
124 silly idealTree ├── send@0.16.2
124 silly idealTree ├── serve-static@1.13.2
124 silly idealTree ├── set-blocking@2.0.0
124 silly idealTree ├─┬ set-value@2.0.0
124 silly idealTree │ └── extend-shallow@2.0.1
124 silly idealTree ├── setprototypeof@1.1.0
124 silly idealTree ├── shebang-command@1.2.0
124 silly idealTree ├── shebang-regex@1.0.0
124 silly idealTree ├── sift@7.0.1
124 silly idealTree ├── signal-exit@3.0.2
124 silly idealTree ├── sliced@1.0.1
124 silly idealTree ├─┬ snapdragon-node@2.1.1
124 silly idealTree │ ├── define-property@1.0.0
124 silly idealTree │ ├── is-accessor-descriptor@1.0.0
124 silly idealTree │ ├── is-data-descriptor@1.0.0
124 silly idealTree │ ├── is-descriptor@1.0.2
124 silly idealTree │ └── kind-of@6.0.2
124 silly idealTree ├── snapdragon-util@3.0.1
124 silly idealTree ├─┬ snapdragon@0.8.2
124 silly idealTree │ ├── define-property@0.2.5
124 silly idealTree │ ├── extend-shallow@2.0.1
124 silly idealTree │ └── source-map@0.5.7
124 silly idealTree ├── source-map-resolve@0.5.2
124 silly idealTree ├── source-map-url@0.4.0
124 silly idealTree ├── source-map@0.4.4
124 silly idealTree ├── sparse-bitfield@3.0.3
124 silly idealTree ├── split-string@3.1.0
124 silly idealTree ├─┬ static-extend@0.1.2
124 silly idealTree │ └── define-property@0.2.5
124 silly idealTree ├── statuses@1.4.0
124 silly idealTree ├── streamsearch@0.1.2
124 silly idealTree ├── string_decoder@1.1.1
124 silly idealTree ├── string-width@2.1.1
124 silly idealTree ├── strip-ansi@4.0.0
124 silly idealTree ├── strip-eof@1.0.0
124 silly idealTree ├── strip-json-comments@2.0.1
124 silly idealTree ├── supports-color@5.5.0
124 silly idealTree ├─┬ tar@4.4.8
124 silly idealTree │ └── yallist@3.0.3
124 silly idealTree ├── term-size@1.2.0
124 silly idealTree ├── timed-out@4.0.1
124 silly idealTree ├── to-object-path@0.3.0
124 silly idealTree ├── to-regex-range@2.1.1
124 silly idealTree ├── to-regex@3.0.2
124 silly idealTree ├── touch@3.1.0
124 silly idealTree ├─┬ transformers@2.1.0
124 silly idealTree │ ├── is-promise@1.0.1
124 silly idealTree │ ├── promise@2.0.0
124 silly idealTree │ ├── source-map@0.1.43
124 silly idealTree │ └── uglify-js@2.2.5
124 silly idealTree ├── type-is@1.6.17
124 silly idealTree ├── typedarray@0.0.6
124 silly idealTree ├─┬ uglify-js@2.8.29
124 silly idealTree │ └── source-map@0.5.7
124 silly idealTree ├── uglify-to-browserify@1.0.2
124 silly idealTree ├── undefsafe@2.0.2
124 silly idealTree ├─┬ union-value@1.0.0
124 silly idealTree │ ├── extend-shallow@2.0.1
124 silly idealTree │ └── set-value@0.4.3
124 silly idealTree ├── unique-string@1.0.0
124 silly idealTree ├── unpipe@1.0.0
124 silly idealTree ├─┬ unset-value@1.0.0
124 silly idealTree │ ├─┬ has-value@0.3.1
124 silly idealTree │ │ └── isobject@2.1.0
124 silly idealTree │ └── has-values@0.1.4
124 silly idealTree ├── unzip-response@2.0.1
124 silly idealTree ├── upath@1.1.2
124 silly idealTree ├── update-notifier@2.5.0
124 silly idealTree ├── urix@0.1.0
124 silly idealTree ├── url-parse-lax@1.0.0
124 silly idealTree ├── use@3.1.1
124 silly idealTree ├── util-deprecate@1.0.2
124 silly idealTree ├── utils-merge@1.0.1
124 silly idealTree ├── vary@1.1.2
124 silly idealTree ├── void-elements@2.0.1
124 silly idealTree ├── which@1.3.1
124 silly idealTree ├── wide-align@1.1.3
124 silly idealTree ├── widest-line@2.0.1
124 silly idealTree ├── window-size@0.1.0
124 silly idealTree ├─┬ with@4.0.3
124 silly idealTree │ └── acorn@1.2.2
124 silly idealTree ├── wordwrap@0.0.3
124 silly idealTree ├── wrappy@1.0.2
124 silly idealTree ├── write-file-atomic@2.4.2
124 silly idealTree ├── xdg-basedir@3.0.0
124 silly idealTree ├── xtend@4.0.1
124 silly idealTree ├── yallist@2.1.2
124 silly idealTree └── yargs@3.10.0
125 silly generateActionsToTake Starting
126 silly install generateActionsToTake
127 silly generateActionsToTake Finishing
128 silly diffTrees action count 2
129 silly diffTrees add node-base64@0.0.1
130 silly diffTrees add jwt@0.2.0
131 silly decomposeActions action count 16
132 silly decomposeActions fetch node-base64@0.0.1
133 silly decomposeActions extract node-base64@0.0.1
134 silly decomposeActions test node-base64@0.0.1
135 silly decomposeActions preinstall node-base64@0.0.1
136 silly decomposeActions build node-base64@0.0.1
137 silly decomposeActions install node-base64@0.0.1
138 silly decomposeActions postinstall node-base64@0.0.1
139 silly decomposeActions finalize node-base64@0.0.1
140 silly decomposeActions fetch jwt@0.2.0
141 silly decomposeActions extract jwt@0.2.0
142 silly decomposeActions test jwt@0.2.0
143 silly decomposeActions preinstall jwt@0.2.0
144 silly decomposeActions build jwt@0.2.0
145 silly decomposeActions install jwt@0.2.0
146 silly decomposeActions postinstall jwt@0.2.0
147 silly decomposeActions finalize jwt@0.2.0
148 silly executeActions Starting
149 silly install executeActions
150 silly doSerial global-install 0
151 silly doParallel fetch 2
152 verbose lock using /home/developer/.npm/_locks/staging-6a55abc76d9c1c18.lock for /home/developer/Documents/Code/hesk/react-backend-server/node_modules/.staging
153 silly doParallel extract 2
154 silly extract node-base64@0.0.1
155 silly extract jwt@0.2.0
156 verbose unbuild node_modules/.staging/node-base64-91cb4958
157 verbose unbuild node_modules/.staging/jwt-7df4e9c4
158 silly gentlyRm /home/developer/Documents/Code/hesk/react-backend-server/node_modules/.staging/node-base64-91cb4958 is being purged from base /home/developer/Documents/Code/hesk/react-backend-server
159 verbose gentlyRm don't care about contents; nuking /home/developer/Documents/Code/hesk/react-backend-server/node_modules/.staging/node-base64-91cb4958
160 silly gentlyRm /home/developer/Documents/Code/hesk/react-backend-server/node_modules/.staging/jwt-7df4e9c4 is being purged from base /home/developer/Documents/Code/hesk/react-backend-server
161 verbose gentlyRm don't care about contents; nuking /home/developer/Documents/Code/hesk/react-backend-server/node_modules/.staging/jwt-7df4e9c4
162 verbose tar unpack /home/developer/.npm/node-base64/0.0.1/package.tgz
163 verbose tar unpacking to /home/developer/Documents/Code/hesk/react-backend-server/node_modules/.staging/node-base64-91cb4958
164 silly gentlyRm /home/developer/Documents/Code/hesk/react-backend-server/node_modules/.staging/node-base64-91cb4958 is being purged
165 verbose gentlyRm don't care about contents; nuking /home/developer/Documents/Code/hesk/react-backend-server/node_modules/.staging/node-base64-91cb4958
166 verbose tar unpack /home/developer/.npm/jwt/0.2.0/package.tgz
167 verbose tar unpacking to /home/developer/Documents/Code/hesk/react-backend-server/node_modules/.staging/jwt-7df4e9c4
168 silly gentlyRm /home/developer/Documents/Code/hesk/react-backend-server/node_modules/.staging/jwt-7df4e9c4 is being purged
169 verbose gentlyRm don't care about contents; nuking /home/developer/Documents/Code/hesk/react-backend-server/node_modules/.staging/jwt-7df4e9c4
170 silly gunzTarPerm modes [ '775', '664' ]
171 silly gunzTarPerm modes [ '775', '664' ]
172 silly gunzTarPerm extractEntry
173 silly gunzTarPerm modified mode [ '', 493, 509 ]
174 silly gunzTarPerm extractEntry .npmignore
175 silly gunzTarPerm modified mode [ '.npmignore', 420, 436 ]
176 silly gunzTarPerm extractEntry lib/
177 silly gunzTarPerm modified mode [ 'lib/', 493, 509 ]
178 silly gunzTarPerm extractEntry lib/jwt.js
179 silly gunzTarPerm modified mode [ 'lib/jwt.js', 420, 436 ]
180 silly gunzTarPerm extractEntry .gitignore
181 silly gunzTarPerm modified mode [ '.gitignore', 420, 436 ]
182 silly gunzTarPerm extractEntry base64.cc
183 silly gunzTarPerm modified mode [ 'base64.cc', 420, 436 ]
184 silly gunzTarPerm extractEntry install.sh
185 silly gunzTarPerm modified mode [ 'install.sh', 493, 509 ]
186 silly gunzTarPerm extractEntry js_base64_for_comparsion.js
187 silly gunzTarPerm modified mode [ 'js_base64_for_comparsion.js', 420, 436 ]
188 silly gunzTarPerm extractEntry makefile
189 silly gunzTarPerm modified mode [ 'makefile', 420, 436 ]
190 silly gunzTarPerm extractEntry package.json
191 silly gunzTarPerm modified mode [ 'package.json', 420, 436 ]
192 silly gunzTarPerm extractEntry README.md
193 silly gunzTarPerm modified mode [ 'README.md', 420, 436 ]
194 silly gunzTarPerm extractEntry package.json
195 silly gunzTarPerm modified mode [ 'package.json', 420, 436 ]
196 silly gunzTarPerm extractEntry README.md
197 silly gunzTarPerm modified mode [ 'README.md', 420, 436 ]
198 silly gunzTarPerm extractEntry test.js
199 silly gunzTarPerm modified mode [ 'test.js', 420, 436 ]
200 silly gunzTarPerm extractEntry test.php
201 silly gunzTarPerm modified mode [ 'test.php', 420, 436 ]
202 silly gunzTarPerm extractEntry wscript
203 silly gunzTarPerm modified mode [ 'wscript', 493, 509 ]
204 silly gentlyRm /home/developer/Documents/Code/hesk/react-backend-server/node_modules/.staging/jwt-7df4e9c4/node_modules is being purged
205 verbose gentlyRm don't care about contents; nuking /home/developer/Documents/Code/hesk/react-backend-server/node_modules/.staging/jwt-7df4e9c4/node_modules
206 silly gentlyRm /home/developer/Documents/Code/hesk/react-backend-server/node_modules/.staging/node-base64-91cb4958/node_modules is being purged
207 verbose gentlyRm don't care about contents; nuking /home/developer/Documents/Code/hesk/react-backend-server/node_modules/.staging/node-base64-91cb4958/node_modules
208 silly doParallel preinstall 2
209 silly preinstall node-base64@0.0.1 /home/developer/Documents/Code/hesk/react-backend-server/node_modules/.staging/node-base64-91cb4958
210 info lifecycle node-base64@0.0.1~preinstall: node-base64@0.0.1
211 silly preinstall jwt@0.2.0 /home/developer/Documents/Code/hesk/react-backend-server/node_modules/.staging/jwt-7df4e9c4
212 info lifecycle jwt@0.2.0~preinstall: jwt@0.2.0
213 silly lifecycle node-base64@0.0.1~preinstall: no script for preinstall, continuing
214 silly lifecycle jwt@0.2.0~preinstall: no script for preinstall, continuing
215 silly doReverseSerial remove 0
216 silly doSerial move 0
217 silly doSerial finalize 2
218 silly finalize /home/developer/Documents/Code/hesk/react-backend-server/node_modules/node-base64
219 silly finalize /home/developer/Documents/Code/hesk/react-backend-server/node_modules/jwt
220 silly doSerial build 2
221 silly build node-base64@0.0.1
222 info linkStuff node-base64@0.0.1
223 silly linkStuff node-base64@0.0.1 has /home/developer/Documents/Code/hesk/react-backend-server/node_modules as its parent node_modules
224 verbose linkBins node-base64@0.0.1
225 verbose linkMans node-base64@0.0.1
226 silly build jwt@0.2.0
227 info linkStuff jwt@0.2.0
228 silly linkStuff jwt@0.2.0 has /home/developer/Documents/Code/hesk/react-backend-server/node_modules as its parent node_modules
229 verbose linkBins jwt@0.2.0
230 verbose linkMans jwt@0.2.0
231 silly doSerial global-link 0
232 silly doParallel update-linked 0
233 silly doSerial install 2
234 silly install node-base64@0.0.1 /home/developer/Documents/Code/hesk/react-backend-server/node_modules/.staging/node-base64-91cb4958
235 info lifecycle node-base64@0.0.1~install: node-base64@0.0.1
236 verbose lifecycle node-base64@0.0.1~install: unsafe-perm in lifecycle true
237 verbose lifecycle node-base64@0.0.1~install: PATH: /usr/share/npm/bin/node-gyp-bin:/home/developer/Documents/Code/hesk/react-backend-server/node_modules/node-base64/node_modules/.bin:/home/developer/Documents/Code/hesk/react-backend-server/node_modules/.bin:/usr/local/sbin:/usr/local/bin:/usr/sbin:/usr/bin:/sbin:/bin:/usr/games:/usr/local/games:/snap/bin
238 verbose lifecycle node-base64@0.0.1~install: CWD: /home/developer/Documents/Code/hesk/react-backend-server/node_modules/node-base64
239 silly lifecycle node-base64@0.0.1~install: Args: [ '-c', './install.sh' ]
240 info lifecycle node-base64@0.0.1~install: Failed to exec install script
241 verbose unlock done using /home/developer/.npm/_locks/staging-6a55abc76d9c1c18.lock for /home/developer/Documents/Code/hesk/react-backend-server/node_modules/.staging
242 silly rollbackFailedOptional Starting
243 silly rollbackFailedOptional Finishing
244 silly runTopLevelLifecycles Starting
245 silly runTopLevelLifecycles Finishing
246 silly install printInstalled
247 warn optional Skipping failed optional dependency /chokidar/fsevents:
248 warn notsup Not compatible with your operating system or architecture: fsevents@1.2.8
249 verbose stack Error: node-base64@0.0.1 install: `./install.sh`
249 verbose stack spawn ENOENT
249 verbose stack     at ChildProcess.<anonymous> (/usr/share/npm/lib/utils/spawn.js:17:16)
249 verbose stack     at emitTwo (events.js:126:13)
249 verbose stack     at ChildProcess.emit (events.js:214:7)
249 verbose stack     at maybeClose (internal/child_process.js:925:16)
249 verbose stack     at Process.ChildProcess._handle.onexit (internal/child_process.js:209:5)
250 verbose pkgid node-base64@0.0.1
251 verbose cwd /home/developer/Documents/Code/hesk/react-backend-server
252 error Linux 4.15.0-47-generic
253 error argv "/usr/bin/node" "/usr/bin/npm" "i" "jwt@0.2.0" "--save"
254 error node v8.10.0
255 error npm  v3.5.2
256 error file sh
257 error code ELIFECYCLE
258 error errno ENOENT
259 error syscall spawn
260 error node-base64@0.0.1 install: `./install.sh`
260 error spawn ENOENT
261 error Failed at the node-base64@0.0.1 install script './install.sh'.
261 error Make sure you have the latest version of node.js and npm installed.
261 error If you do, this is most likely a problem with the node-base64 package,
261 error not with npm itself.
261 error Tell the author that this fails on your system:
261 error     ./install.sh
261 error You can get information on how to open an issue for this project with:
261 error     npm bugs node-base64
261 error Or if that isn't available, you can get their info via:
261 error     npm owner ls node-base64
261 error There is likely additional logging output above.
262 verbose exit [ 1, true ]
